Connecting to database specified by database.yml
  [1m[36m (0.3ms)[0m  [1mselect sqlite_version(*)[0m
  [1m[35m (118.4ms)[0m  CREATE TABLE "schema_migrations" ("version" varchar(255) NOT NULL) 
  [1m[36m (35.2ms)[0m  [1mCREATE UNIQUE INDEX "unique_schema_migrations" ON "schema_migrations" ("version")[0m
  [1m[35m (23.3ms)[0m  SELECT "schema_migrations"."version" FROM "schema_migrations" 
Migrating to CreateMovies (20111119180638)
  [1m[36m (0.1ms)[0m  [1mbegin transaction[0m
  [1m[35m (10.0ms)[0m  CREATE TABLE "movies" ("id" INTEGER PRIMARY KEY AUTOINCREMENT NOT NULL, "title" varchar(255), "rating" varchar(255), "description" text, "release_date" datetime, "created_at" datetime NOT NULL, "updated_at" datetime NOT NULL) 
  [1m[36m (0.9ms)[0m  [1mINSERT INTO "schema_migrations" ("version") VALUES ('20111119180638')[0m
  [1m[35m (93.7ms)[0m  commit transaction
  [1m[36m (2.1ms)[0m  [1mSELECT "schema_migrations"."version" FROM "schema_migrations" [0m
Connecting to database specified by database.yml
  [1m[36m (30.1ms)[0m  [1mSELECT "schema_migrations"."version" FROM "schema_migrations" [0m
  [1m[35m (0.2ms)[0m  begin transaction
  [1m[36mSQL (33.4ms)[0m  [1mINSERT INTO "movies" ("created_at", "description", "rating", "release_date", "title", "updated_at") VALUES (?, ?, ?, ?, ?, ?)[0m  [["created_at", Sun, 19 Oct 2014 20:30:58 UTC +00:00], ["description", nil], ["rating", "G"], ["release_date", Wed, 25 Nov 1992 00:00:00 UTC +00:00], ["title", "Aladdin"], ["updated_at", Sun, 19 Oct 2014 20:30:58 UTC +00:00]]
  [1m[35m (120.4ms)[0m  commit transaction
  [1m[36m (0.2ms)[0m  [1mbegin transaction[0m
  [1m[35mSQL (3.3ms)[0m  INSERT INTO "movies" ("created_at", "description", "rating", "release_date", "title", "updated_at") VALUES (?, ?, ?, ?, ?, ?)  [["created_at", Sun, 19 Oct 2014 20:30:58 UTC +00:00], ["description", nil], ["rating", "R"], ["release_date", Fri, 26 Oct 1984 00:00:00 UTC +00:00], ["title", "The Terminator"], ["updated_at", Sun, 19 Oct 2014 20:30:58 UTC +00:00]]
  [1m[36m (34.7ms)[0m  [1mcommit transaction[0m
  [1m[35m (0.1ms)[0m  begin transaction
  [1m[36mSQL (4.3ms)[0m  [1mINSERT INTO "movies" ("created_at", "description", "rating", "release_date", "title", "updated_at") VALUES (?, ?, ?, ?, ?, ?)[0m  [["created_at", Sun, 19 Oct 2014 20:30:58 UTC +00:00], ["description", nil], ["rating", "R"], ["release_date", Fri, 21 Jul 1989 00:00:00 UTC +00:00], ["title", "When Harry Met Sally"], ["updated_at", Sun, 19 Oct 2014 20:30:58 UTC +00:00]]
  [1m[35m (59.3ms)[0m  commit transaction
  [1m[36m (0.1ms)[0m  [1mbegin transaction[0m
  [1m[35mSQL (3.1ms)[0m  INSERT INTO "movies" ("created_at", "description", "rating", "release_date", "title", "updated_at") VALUES (?, ?, ?, ?, ?, ?)  [["created_at", Sun, 19 Oct 2014 20:30:58 UTC +00:00], ["description", nil], ["rating", "PG-13"], ["release_date", Wed, 10 Aug 2011 00:00:00 UTC +00:00], ["title", "The Help"], ["updated_at", Sun, 19 Oct 2014 20:30:58 UTC +00:00]]
  [1m[36m (33.3ms)[0m  [1mcommit transaction[0m
  [1m[35m (1.7ms)[0m  begin transaction
  [1m[36mSQL (2.5ms)[0m  [1mINSERT INTO "movies" ("created_at", "description", "rating", "release_date", "title", "updated_at") VALUES (?, ?, ?, ?, ?, ?)[0m  [["created_at", Sun, 19 Oct 2014 20:30:58 UTC +00:00], ["description", nil], ["rating", "PG-13"], ["release_date", Fri, 05 Jan 2001 00:00:00 UTC +00:00], ["title", "Chocolat"], ["updated_at", Sun, 19 Oct 2014 20:30:58 UTC +00:00]]
  [1m[35m (94.6ms)[0m  commit transaction
  [1m[36m (0.1ms)[0m  [1mbegin transaction[0m
  [1m[35mSQL (3.8ms)[0m  INSERT INTO "movies" ("created_at", "description", "rating", "release_date", "title", "updated_at") VALUES (?, ?, ?, ?, ?, ?)  [["created_at", Sun, 19 Oct 2014 20:30:58 UTC +00:00], ["description", nil], ["rating", "R"], ["release_date", Wed, 25 Apr 2001 00:00:00 UTC +00:00], ["title", "Amelie"], ["updated_at", Sun, 19 Oct 2014 20:30:58 UTC +00:00]]
  [1m[36m (88.7ms)[0m  [1mcommit transaction[0m
  [1m[35m (0.4ms)[0m  begin transaction
  [1m[36mSQL (3.4ms)[0m  [1mINSERT INTO "movies" ("created_at", "description", "rating", "release_date", "title", "updated_at") VALUES (?, ?, ?, ?, ?, ?)[0m  [["created_at", Sun, 19 Oct 2014 20:30:58 UTC +00:00], ["description", nil], ["rating", "G"], ["release_date", Sat, 06 Apr 1968 00:00:00 UTC +00:00], ["title", "2001: A Space Odyssey"], ["updated_at", Sun, 19 Oct 2014 20:30:58 UTC +00:00]]
  [1m[35m (116.3ms)[0m  commit transaction
  [1m[36m (0.1ms)[0m  [1mbegin transaction[0m
  [1m[35mSQL (3.4ms)[0m  INSERT INTO "movies" ("created_at", "description", "rating", "release_date", "title", "updated_at") VALUES (?, ?, ?, ?, ?, ?)  [["created_at", Sun, 19 Oct 2014 20:30:58 UTC +00:00], ["description", nil], ["rating", "PG"], ["release_date", Fri, 05 Nov 2004 00:00:00 UTC +00:00], ["title", "The Incredibles"], ["updated_at", Sun, 19 Oct 2014 20:30:58 UTC +00:00]]
  [1m[36m (76.3ms)[0m  [1mcommit transaction[0m
  [1m[35m (0.1ms)[0m  begin transaction
  [1m[36mSQL (2.8ms)[0m  [1mINSERT INTO "movies" ("created_at", "description", "rating", "release_date", "title", "updated_at") VALUES (?, ?, ?, ?, ?, ?)[0m  [["created_at", Sun, 19 Oct 2014 20:30:58 UTC +00:00], ["description", nil], ["rating", "PG"], ["release_date", Fri, 12 Jun 1981 00:00:00 UTC +00:00], ["title", "Raiders of the Lost Ark"], ["updated_at", Sun, 19 Oct 2014 20:30:58 UTC +00:00]]
  [1m[35m (261.1ms)[0m  commit transaction
  [1m[36m (0.1ms)[0m  [1mbegin transaction[0m
  [1m[35mSQL (3.2ms)[0m  INSERT INTO "movies" ("created_at", "description", "rating", "release_date", "title", "updated_at") VALUES (?, ?, ?, ?, ?, ?)  [["created_at", Sun, 19 Oct 2014 20:30:59 UTC +00:00], ["description", nil], ["rating", "G"], ["release_date", Wed, 21 Jun 2000 00:00:00 UTC +00:00], ["title", "Chicken Run"], ["updated_at", Sun, 19 Oct 2014 20:30:59 UTC +00:00]]
  [1m[36m (93.5ms)[0m  [1mcommit transaction[0m


Started GET "/movies" for 127.0.0.1 at 2014-10-19 17:32:36 -0300
Connecting to database specified by database.yml
Processing by MoviesController#index as HTML
  [1m[36mMovie Load (1.1ms)[0m  [1mSELECT "movies".* FROM "movies" [0m
  Rendered movies/index.html.haml within layouts/application (109.1ms)
Compiled application.css  (0ms)  (pid 8598)
Compiled jquery.js  (74ms)  (pid 8598)
Compiled jquery_ujs.js  (1ms)  (pid 8598)
Compiled application.js  (561ms)  (pid 8598)
Completed 200 OK in 2170.0ms (Views: 1450.9ms | ActiveRecord: 74.5ms)


Started GET "/assets/application.css?body=1" for 127.0.0.1 at 2014-10-19 17:32:44 -0300
Served asset /application.css - 200 OK (12ms)


Started GET "/assets/jquery.js?body=1" for 127.0.0.1 at 2014-10-19 17:32:44 -0300
Served asset /jquery.js - 200 OK (418ms)


Started GET "/assets/application.js?body=1" for 127.0.0.1 at 2014-10-19 17:32:45 -0300
Served asset /application.js - 200 OK (159ms)


Started GET "/assets/jquery_ujs.js?body=1" for 127.0.0.1 at 2014-10-19 17:32:45 -0300
Served asset /jquery_ujs.js - 200 OK (38ms)


Started GET "/movieshttps://moodle2.uncc.edu/mod/forum/post.php?forum=50905" for 127.0.0.1 at 2014-10-19 17:46:59 -0300

ActionController::RoutingError (No route matches [GET] "/movieshttps:/moodle2.uncc.edu/mod/forum/post.php"):
  actionpack (3.2.18) lib/action_dispatch/middleware/debug_exceptions.rb:21:in `call'
  actionpack (3.2.18) lib/action_dispatch/middleware/show_exceptions.rb:56:in `call'
  railties (3.2.18) lib/rails/rack/logger.rb:32:in `call_app'
  railties (3.2.18) lib/rails/rack/logger.rb:16:in `block in call'
  activesupport (3.2.18) lib/active_support/tagged_logging.rb:22:in `tagged'
  railties (3.2.18) lib/rails/rack/logger.rb:16:in `call'
  actionpack (3.2.18) lib/action_dispatch/middleware/request_id.rb:22:in `call'
  rack (1.4.5) lib/rack/methodoverride.rb:21:in `call'
  rack (1.4.5) lib/rack/runtime.rb:17:in `call'
  activesupport (3.2.18) lib/active_support/cache/strategy/local_cache.rb:72:in `call'
  rack (1.4.5) lib/rack/lock.rb:15:in `call'
  actionpack (3.2.18) lib/action_dispatch/middleware/static.rb:63:in `call'
  railties (3.2.18) lib/rails/engine.rb:484:in `call'
  railties (3.2.18) lib/rails/application.rb:231:in `call'
  rack (1.4.5) lib/rack/content_length.rb:14:in `call'
  railties (3.2.18) lib/rails/rack/log_tailer.rb:17:in `call'
  rack (1.4.5) lib/rack/handler/webrick.rb:59:in `service'
  /home/saasbook/.rvm/rubies/ruby-1.9.3-p448/lib/ruby/1.9.1/webrick/httpserver.rb:138:in `service'
  /home/saasbook/.rvm/rubies/ruby-1.9.3-p448/lib/ruby/1.9.1/webrick/httpserver.rb:94:in `run'
  /home/saasbook/.rvm/rubies/ruby-1.9.3-p448/lib/ruby/1.9.1/webrick/server.rb:191:in `block in start_thread'


  Rendered /home/saasbook/.rvm/gems/ruby-1.9.3-p448/gems/actionpack-3.2.18/lib/action_dispatch/middleware/templates/rescues/routing_error.erb within rescues/layout (1.2ms)


Started GET "/movies" for 127.0.0.1 at 2014-10-21 10:46:30 -0300
Processing by MoviesController#index as HTML
  [1m[35mMovie Load (1.1ms)[0m  SELECT "movies".* FROM "movies" 
  Rendered movies/index.html.haml within layouts/application (37.6ms)
Completed 200 OK in 118.8ms (Views: 97.5ms | ActiveRecord: 1.1ms)


Started GET "/assets/application.css?body=1" for 127.0.0.1 at 2014-10-21 10:46:31 -0300
Served asset /application.css - 304 Not Modified (30ms)


Started GET "/assets/jquery.js?body=1" for 127.0.0.1 at 2014-10-21 10:46:31 -0300
Served asset /jquery.js - 304 Not Modified (83ms)


Started GET "/assets/jquery_ujs.js?body=1" for 127.0.0.1 at 2014-10-21 10:46:31 -0300
Served asset /jquery_ujs.js - 304 Not Modified (17ms)


Started GET "/assets/application.js?body=1" for 127.0.0.1 at 2014-10-21 10:46:31 -0300
Served asset /application.js - 304 Not Modified (56ms)


Started GET "/movies" for 127.0.0.1 at 2014-10-21 10:52:24 -0300
Processing by MoviesController#index as HTML
  [1m[36mMovie Load (1.8ms)[0m  [1mSELECT "movies".* FROM "movies" [0m
  Rendered movies/index.html.haml within layouts/application (31.8ms)
Completed 200 OK in 100.3ms (Views: 81.4ms | ActiveRecord: 1.8ms)


Started GET "/assets/application.css?body=1" for 127.0.0.1 at 2014-10-21 10:52:25 -0300
Served asset /application.css - 304 Not Modified (14ms)


Started GET "/assets/jquery.js?body=1" for 127.0.0.1 at 2014-10-21 10:52:25 -0300
Served asset /jquery.js - 304 Not Modified (89ms)


Started GET "/assets/application.js?body=1" for 127.0.0.1 at 2014-10-21 10:52:25 -0300
Served asset /application.js - 304 Not Modified (46ms)


Started GET "/assets/jquery_ujs.js?body=1" for 127.0.0.1 at 2014-10-21 10:52:25 -0300
Served asset /jquery_ujs.js - 304 Not Modified (22ms)


Started GET "/movies" for 127.0.0.1 at 2014-10-21 10:55:24 -0300
Processing by MoviesController#index as HTML
  [1m[35mMovie Load (1.0ms)[0m  SELECT "movies".* FROM "movies" 
  Rendered movies/index.html.haml within layouts/application (46.4ms)
Completed 200 OK in 115.2ms (Views: 99.2ms | ActiveRecord: 1.0ms)


Started GET "/assets/application.css?body=1" for 127.0.0.1 at 2014-10-21 10:55:24 -0300
Served asset /application.css - 304 Not Modified (53ms)


Started GET "/assets/jquery.js?body=1" for 127.0.0.1 at 2014-10-21 10:55:25 -0300
Served asset /jquery.js - 304 Not Modified (81ms)


Started GET "/assets/jquery_ujs.js?body=1" for 127.0.0.1 at 2014-10-21 10:55:25 -0300
Served asset /jquery_ujs.js - 304 Not Modified (17ms)


Started GET "/assets/application.js?body=1" for 127.0.0.1 at 2014-10-21 10:55:25 -0300
Served asset /application.js - 304 Not Modified (41ms)


Started GET "/movies?sort_by=title" for 127.0.0.1 at 2014-10-21 10:55:33 -0300
Processing by MoviesController#index as HTML
  Parameters: {"sort_by"=>"title"}
  [1m[36mMovie Load (14.9ms)[0m  [1mSELECT "movies".* FROM "movies" [0m
  Rendered movies/index.html.haml within layouts/application (56.9ms)
Completed 200 OK in 152.9ms (Views: 132.9ms | ActiveRecord: 14.9ms)


Started GET "/assets/application.css?body=1" for 127.0.0.1 at 2014-10-21 10:55:34 -0300
Served asset /application.css - 304 Not Modified (17ms)


Started GET "/assets/jquery.js?body=1" for 127.0.0.1 at 2014-10-21 10:55:34 -0300
Served asset /jquery.js - 304 Not Modified (23ms)


Started GET "/assets/jquery_ujs.js?body=1" for 127.0.0.1 at 2014-10-21 10:55:35 -0300
Served asset /jquery_ujs.js - 304 Not Modified (21ms)


Started GET "/assets/application.js?body=1" for 127.0.0.1 at 2014-10-21 10:55:35 -0300
Served asset /application.js - 304 Not Modified (35ms)


Started GET "/movies?sort_by=title" for 127.0.0.1 at 2014-10-21 10:55:42 -0300
Processing by MoviesController#index as HTML
  Parameters: {"sort_by"=>"title"}
  [1m[35mMovie Load (11.7ms)[0m  SELECT "movies".* FROM "movies" 
  Rendered movies/index.html.haml within layouts/application (37.7ms)
Completed 200 OK in 88.4ms (Views: 73.4ms | ActiveRecord: 11.7ms)


Started GET "/assets/application.css?body=1" for 127.0.0.1 at 2014-10-21 10:55:43 -0300
Served asset /application.css - 304 Not Modified (36ms)


Started GET "/assets/jquery.js?body=1" for 127.0.0.1 at 2014-10-21 10:55:43 -0300
Served asset /jquery.js - 304 Not Modified (46ms)


Started GET "/assets/jquery_ujs.js?body=1" for 127.0.0.1 at 2014-10-21 10:55:43 -0300
Served asset /jquery_ujs.js - 304 Not Modified (21ms)


Started GET "/assets/application.js?body=1" for 127.0.0.1 at 2014-10-21 10:55:43 -0300
Served asset /application.js - 304 Not Modified (34ms)


Started GET "/movies?sort_by=title" for 127.0.0.1 at 2014-10-21 10:59:02 -0300
Processing by MoviesController#index as HTML
  Parameters: {"sort_by"=>"title"}
  [1m[36mMovie Load (1.1ms)[0m  [1mSELECT "movies".* FROM "movies" [0m
  Rendered movies/index.html.haml within layouts/application (31.6ms)
Completed 200 OK in 109.8ms (Views: 104.2ms | ActiveRecord: 1.1ms)


Started GET "/assets/application.css?body=1" for 127.0.0.1 at 2014-10-21 10:59:03 -0300
Served asset /application.css - 304 Not Modified (6ms)


Started GET "/assets/jquery.js?body=1" for 127.0.0.1 at 2014-10-21 10:59:03 -0300
Served asset /jquery.js - 304 Not Modified (117ms)


Started GET "/assets/jquery_ujs.js?body=1" for 127.0.0.1 at 2014-10-21 10:59:03 -0300
Served asset /jquery_ujs.js - 304 Not Modified (19ms)


Started GET "/assets/application.js?body=1" for 127.0.0.1 at 2014-10-21 10:59:03 -0300
Served asset /application.js - 304 Not Modified (95ms)


Started GET "/movies?sort_by=title" for 127.0.0.1 at 2014-10-21 11:01:32 -0300
Processing by MoviesController#index as HTML
  Parameters: {"sort_by"=>"title"}
  [1m[35mMovie Load (1.7ms)[0m  SELECT "movies".* FROM "movies" 
  Rendered movies/index.html.haml within layouts/application (36.6ms)
Completed 200 OK in 115.2ms (Views: 91.5ms | ActiveRecord: 1.7ms)


Started GET "/assets/application.css?body=1" for 127.0.0.1 at 2014-10-21 11:01:32 -0300
Served asset /application.css - 304 Not Modified (4ms)


Started GET "/assets/jquery.js?body=1" for 127.0.0.1 at 2014-10-21 11:01:32 -0300
Served asset /jquery.js - 304 Not Modified (64ms)


Started GET "/assets/application.js?body=1" for 127.0.0.1 at 2014-10-21 11:01:32 -0300
Served asset /application.js - 304 Not Modified (23ms)


Started GET "/assets/jquery_ujs.js?body=1" for 127.0.0.1 at 2014-10-21 11:01:32 -0300
Served asset /jquery_ujs.js - 304 Not Modified (41ms)


Started GET "/movies?sort_by=title" for 127.0.0.1 at 2014-10-21 11:02:30 -0300
Processing by MoviesController#index as HTML
  Parameters: {"sort_by"=>"title"}
  [1m[36mMovie Load (10.3ms)[0m  [1mSELECT "movies".* FROM "movies" [0m
  Rendered movies/index.html.haml within layouts/application (46.2ms)
Completed 200 OK in 107.1ms (Views: 80.1ms | ActiveRecord: 10.3ms)


Started GET "/assets/application.css?body=1" for 127.0.0.1 at 2014-10-21 11:02:30 -0300
Served asset /application.css - 304 Not Modified (23ms)


Started GET "/assets/jquery.js?body=1" for 127.0.0.1 at 2014-10-21 11:02:30 -0300
Served asset /jquery.js - 304 Not Modified (38ms)


Started GET "/assets/jquery_ujs.js?body=1" for 127.0.0.1 at 2014-10-21 11:02:30 -0300
Served asset /jquery_ujs.js - 304 Not Modified (11ms)


Started GET "/assets/application.js?body=1" for 127.0.0.1 at 2014-10-21 11:02:30 -0300
Served asset /application.js - 304 Not Modified (28ms)


Started GET "/movies?sort_by=title" for 127.0.0.1 at 2014-10-21 11:04:00 -0300
Processing by MoviesController#index as HTML
  Parameters: {"sort_by"=>"title"}
  [1m[35mMovie Load (14.9ms)[0m  SELECT "movies".* FROM "movies" 
  Rendered movies/index.html.haml within layouts/application (41.3ms)
Completed 200 OK in 107.3ms (Views: 84.5ms | ActiveRecord: 14.9ms)


Started GET "/assets/application.css?body=1" for 127.0.0.1 at 2014-10-21 11:04:01 -0300
Served asset /application.css - 304 Not Modified (23ms)


Started GET "/assets/jquery.js?body=1" for 127.0.0.1 at 2014-10-21 11:04:01 -0300
Served asset /jquery.js - 304 Not Modified (30ms)


Started GET "/assets/jquery_ujs.js?body=1" for 127.0.0.1 at 2014-10-21 11:04:01 -0300
Served asset /jquery_ujs.js - 304 Not Modified (8ms)


Started GET "/assets/application.js?body=1" for 127.0.0.1 at 2014-10-21 11:04:01 -0300
Served asset /application.js - 304 Not Modified (25ms)


Started GET "/movies?sort_by=title" for 127.0.0.1 at 2014-10-21 11:12:57 -0300

SyntaxError (/home/saasbook/rails-intro/app/models/movie.rb:4: syntax error, unexpected '.'
  def.self.movies(sort_field)
      ^
/home/saasbook/rails-intro/app/models/movie.rb:6: syntax error, unexpected keyword_end, expecting ')'):
  app/controllers/movies_controller.rb:1:in `<top (required)>'


  Rendered /home/saasbook/.rvm/gems/ruby-1.9.3-p448/gems/actionpack-3.2.18/lib/action_dispatch/middleware/templates/rescues/_trace.erb (2.1ms)
  Rendered /home/saasbook/.rvm/gems/ruby-1.9.3-p448/gems/actionpack-3.2.18/lib/action_dispatch/middleware/templates/rescues/_request_and_response.erb (13.6ms)
  Rendered /home/saasbook/.rvm/gems/ruby-1.9.3-p448/gems/actionpack-3.2.18/lib/action_dispatch/middleware/templates/rescues/diagnostics.erb within rescues/layout (226.4ms)


Started GET "/movies?sort_by=title" for 127.0.0.1 at 2014-10-21 11:13:38 -0300

SyntaxError (/home/saasbook/rails-intro/app/models/movie.rb:4: syntax error, unexpected '.'
  def.self.movies(sort_field)
      ^
/home/saasbook/rails-intro/app/models/movie.rb:7: syntax error, unexpected keyword_end, expecting $end):
  app/controllers/movies_controller.rb:1:in `<top (required)>'


  Rendered /home/saasbook/.rvm/gems/ruby-1.9.3-p448/gems/actionpack-3.2.18/lib/action_dispatch/middleware/templates/rescues/_trace.erb (2.6ms)
  Rendered /home/saasbook/.rvm/gems/ruby-1.9.3-p448/gems/actionpack-3.2.18/lib/action_dispatch/middleware/templates/rescues/_request_and_response.erb (2.1ms)
  Rendered /home/saasbook/.rvm/gems/ruby-1.9.3-p448/gems/actionpack-3.2.18/lib/action_dispatch/middleware/templates/rescues/diagnostics.erb within rescues/layout (305.2ms)


Started GET "/movies?sort_by=title" for 127.0.0.1 at 2014-10-21 11:15:42 -0300
Processing by MoviesController#index as HTML
  Parameters: {"sort_by"=>"title"}
  [1m[36mMovie Load (9.8ms)[0m  [1mSELECT "movies".* FROM "movies" ORDER BY title[0m
  Rendered movies/index.html.haml within layouts/application (106.2ms)
Completed 200 OK in 149.4ms (Views: 125.6ms | ActiveRecord: 21.4ms)


Started GET "/assets/application.css?body=1" for 127.0.0.1 at 2014-10-21 11:15:43 -0300
Served asset /application.css - 304 Not Modified (2ms)


Started GET "/assets/jquery.js?body=1" for 127.0.0.1 at 2014-10-21 11:15:43 -0300
Served asset /jquery.js - 304 Not Modified (55ms)


Started GET "/assets/application.js?body=1" for 127.0.0.1 at 2014-10-21 11:15:43 -0300
Served asset /application.js - 304 Not Modified (37ms)


Started GET "/assets/jquery_ujs.js?body=1" for 127.0.0.1 at 2014-10-21 11:15:43 -0300
Served asset /jquery_ujs.js - 304 Not Modified (19ms)


Started GET "/movies?sort_by=title" for 127.0.0.1 at 2014-10-21 11:15:52 -0300
Processing by MoviesController#index as HTML
  Parameters: {"sort_by"=>"title"}
  [1m[35mMovie Load (15.8ms)[0m  SELECT "movies".* FROM "movies" ORDER BY title
  Rendered movies/index.html.haml within layouts/application (46.3ms)
Completed 200 OK in 100.6ms (Views: 83.7ms | ActiveRecord: 15.8ms)


Started GET "/assets/application.css?body=1" for 127.0.0.1 at 2014-10-21 11:15:53 -0300
Served asset /application.css - 304 Not Modified (32ms)


Started GET "/assets/jquery.js?body=1" for 127.0.0.1 at 2014-10-21 11:15:53 -0300
Served asset /jquery.js - 304 Not Modified (92ms)


Started GET "/assets/application.js?body=1" for 127.0.0.1 at 2014-10-21 11:15:53 -0300
Served asset /application.js - 304 Not Modified (26ms)


Started GET "/assets/jquery_ujs.js?body=1" for 127.0.0.1 at 2014-10-21 11:15:53 -0300
Served asset /jquery_ujs.js - 304 Not Modified (11ms)


Started GET "/movies?sort_by=title" for 127.0.0.1 at 2014-10-21 11:15:57 -0300
Processing by MoviesController#index as HTML
  Parameters: {"sort_by"=>"title"}
  [1m[36mMovie Load (5.9ms)[0m  [1mSELECT "movies".* FROM "movies" ORDER BY title[0m
  Rendered movies/index.html.haml within layouts/application (27.1ms)
Completed 200 OK in 110.6ms (Views: 86.2ms | ActiveRecord: 5.9ms)


Started GET "/assets/application.css?body=1" for 127.0.0.1 at 2014-10-21 11:15:58 -0300
Served asset /application.css - 304 Not Modified (43ms)


Started GET "/assets/jquery.js?body=1" for 127.0.0.1 at 2014-10-21 11:15:58 -0300
Served asset /jquery.js - 304 Not Modified (24ms)


Started GET "/assets/jquery_ujs.js?body=1" for 127.0.0.1 at 2014-10-21 11:15:58 -0300
Served asset /jquery_ujs.js - 304 Not Modified (20ms)


Started GET "/assets/application.js?body=1" for 127.0.0.1 at 2014-10-21 11:15:58 -0300
Served asset /application.js - 304 Not Modified (22ms)


Started GET "/movies?sort_by=release_date" for 127.0.0.1 at 2014-10-21 11:16:04 -0300
Processing by MoviesController#index as HTML
  Parameters: {"sort_by"=>"release_date"}
  [1m[35mMovie Load (6.5ms)[0m  SELECT "movies".* FROM "movies" ORDER BY release_date
  Rendered movies/index.html.haml within layouts/application (43.5ms)
Completed 200 OK in 94.5ms (Views: 75.2ms | ActiveRecord: 6.5ms)


Started GET "/assets/application.css?body=1" for 127.0.0.1 at 2014-10-21 11:16:05 -0300
Served asset /application.css - 304 Not Modified (29ms)


Started GET "/assets/jquery.js?body=1" for 127.0.0.1 at 2014-10-21 11:16:05 -0300
Served asset /jquery.js - 304 Not Modified (78ms)


Started GET "/assets/jquery_ujs.js?body=1" for 127.0.0.1 at 2014-10-21 11:16:05 -0300
Served asset /jquery_ujs.js - 304 Not Modified (17ms)


Started GET "/assets/application.js?body=1" for 127.0.0.1 at 2014-10-21 11:16:05 -0300
Served asset /application.js - 304 Not Modified (25ms)


Started GET "/movies?sort_by=title" for 127.0.0.1 at 2014-10-21 11:16:13 -0300
Processing by MoviesController#index as HTML
  Parameters: {"sort_by"=>"title"}
  [1m[36mMovie Load (2.6ms)[0m  [1mSELECT "movies".* FROM "movies" ORDER BY title[0m
  Rendered movies/index.html.haml within layouts/application (51.0ms)
Completed 200 OK in 114.4ms (Views: 110.7ms | ActiveRecord: 2.6ms)


Started GET "/assets/application.css?body=1" for 127.0.0.1 at 2014-10-21 11:16:14 -0300
Served asset /application.css - 304 Not Modified (41ms)


Started GET "/assets/jquery.js?body=1" for 127.0.0.1 at 2014-10-21 11:16:14 -0300
Served asset /jquery.js - 304 Not Modified (26ms)


Started GET "/assets/jquery_ujs.js?body=1" for 127.0.0.1 at 2014-10-21 11:16:14 -0300
Served asset /jquery_ujs.js - 304 Not Modified (18ms)


Started GET "/assets/application.js?body=1" for 127.0.0.1 at 2014-10-21 11:16:14 -0300
Served asset /application.js - 304 Not Modified (36ms)


Started GET "/movies?sort_by=release_date" for 127.0.0.1 at 2014-10-21 11:16:33 -0300
Processing by MoviesController#index as HTML
  Parameters: {"sort_by"=>"release_date"}
  [1m[35mMovie Load (1.2ms)[0m  SELECT "movies".* FROM "movies" ORDER BY release_date
  Rendered movies/index.html.haml within layouts/application (52.1ms)
Completed 200 OK in 98.9ms (Views: 96.2ms | ActiveRecord: 1.2ms)


Started GET "/assets/application.css?body=1" for 127.0.0.1 at 2014-10-21 11:16:33 -0300
Served asset /application.css - 304 Not Modified (4ms)


Started GET "/assets/jquery.js?body=1" for 127.0.0.1 at 2014-10-21 11:16:33 -0300
Served asset /jquery.js - 304 Not Modified (67ms)


Started GET "/assets/jquery_ujs.js?body=1" for 127.0.0.1 at 2014-10-21 11:16:33 -0300
Served asset /jquery_ujs.js - 304 Not Modified (19ms)


Started GET "/assets/application.js?body=1" for 127.0.0.1 at 2014-10-21 11:16:34 -0300
Served asset /application.js - 304 Not Modified (30ms)


Started GET "/movies" for 127.0.0.1 at 2014-10-21 11:17:31 -0300
Processing by MoviesController#index as HTML
  [1m[36mMovie Load (1.1ms)[0m  [1mSELECT "movies".* FROM "movies" [0m
  Rendered movies/index.html.haml within layouts/application (35.6ms)
Completed 200 OK in 85.1ms (Views: 78.4ms | ActiveRecord: 1.1ms)


Started GET "/assets/application.css?body=1" for 127.0.0.1 at 2014-10-21 11:17:31 -0300
Served asset /application.css - 304 Not Modified (38ms)


Started GET "/assets/jquery.js?body=1" for 127.0.0.1 at 2014-10-21 11:17:32 -0300
Served asset /jquery.js - 304 Not Modified (46ms)


Started GET "/assets/application.js?body=1" for 127.0.0.1 at 2014-10-21 11:17:32 -0300
Served asset /application.js - 304 Not Modified (64ms)


Started GET "/assets/jquery_ujs.js?body=1" for 127.0.0.1 at 2014-10-21 11:17:32 -0300
Served asset /jquery_ujs.js - 304 Not Modified (18ms)


Started GET "/movies?sort_by=title" for 127.0.0.1 at 2014-10-21 11:17:49 -0300
Processing by MoviesController#index as HTML
  Parameters: {"sort_by"=>"title"}
  [1m[35mMovie Load (8.2ms)[0m  SELECT "movies".* FROM "movies" ORDER BY title
  Rendered movies/index.html.haml within layouts/application (52.2ms)
Completed 200 OK in 100.6ms (Views: 91.3ms | ActiveRecord: 8.2ms)


Started GET "/assets/application.css?body=1" for 127.0.0.1 at 2014-10-21 11:17:49 -0300
Served asset /application.css - 304 Not Modified (6ms)


Started GET "/assets/jquery_ujs.js?body=1" for 127.0.0.1 at 2014-10-21 11:17:49 -0300
Served asset /jquery_ujs.js - 304 Not Modified (177ms)


Started GET "/assets/jquery.js?body=1" for 127.0.0.1 at 2014-10-21 11:17:50 -0300
Served asset /jquery.js - 304 Not Modified (49ms)


Started GET "/assets/application.js?body=1" for 127.0.0.1 at 2014-10-21 11:17:50 -0300
Served asset /application.js - 304 Not Modified (51ms)


Started GET "/movies" for 127.0.0.1 at 2014-10-21 11:20:27 -0300
Processing by MoviesController#index as HTML
  [1m[36mMovie Load (1.0ms)[0m  [1mSELECT "movies".* FROM "movies" [0m
  Rendered movies/index.html.haml within layouts/application (28.1ms)
Compiled application.css  (0ms)  (pid 8598)
Completed 200 OK in 178.9ms (Views: 176.8ms | ActiveRecord: 1.0ms)


Started GET "/assets/application.css?body=1" for 127.0.0.1 at 2014-10-21 11:20:27 -0300
Served asset /application.css - 200 OK (81ms)


Started GET "/assets/jquery.js?body=1" for 127.0.0.1 at 2014-10-21 11:20:28 -0300
Served asset /jquery.js - 304 Not Modified (27ms)


Started GET "/assets/application.js?body=1" for 127.0.0.1 at 2014-10-21 11:20:28 -0300
Served asset /application.js - 304 Not Modified (21ms)


Started GET "/assets/jquery_ujs.js?body=1" for 127.0.0.1 at 2014-10-21 11:20:28 -0300
Served asset /jquery_ujs.js - 304 Not Modified (16ms)


Started GET "/movies?sort_by=title" for 127.0.0.1 at 2014-10-21 11:20:32 -0300
Processing by MoviesController#index as HTML
  Parameters: {"sort_by"=>"title"}
  [1m[35mMovie Load (7.9ms)[0m  SELECT "movies".* FROM "movies" ORDER BY title
  Rendered movies/index.html.haml within layouts/application (35.3ms)
Completed 200 OK in 104.1ms (Views: 94.5ms | ActiveRecord: 7.9ms)


Started GET "/assets/application.css?body=1" for 127.0.0.1 at 2014-10-21 11:20:33 -0300
Served asset /application.css - 304 Not Modified (7ms)


Started GET "/assets/jquery.js?body=1" for 127.0.0.1 at 2014-10-21 11:20:33 -0300
Served asset /jquery.js - 304 Not Modified (46ms)


Started GET "/assets/jquery_ujs.js?body=1" for 127.0.0.1 at 2014-10-21 11:20:33 -0300
Served asset /jquery_ujs.js - 304 Not Modified (17ms)


Started GET "/assets/application.js?body=1" for 127.0.0.1 at 2014-10-21 11:20:33 -0300
Served asset /application.js - 304 Not Modified (32ms)


Started GET "/movies" for 127.0.0.1 at 2014-10-21 11:33:40 -0300
Processing by MoviesController#index as HTML
  [1m[36mMovie Load (1.1ms)[0m  [1mSELECT "movies".* FROM "movies" [0m
  Rendered movies/index.html.haml within layouts/application (46.7ms)
Completed 200 OK in 118.5ms (Views: 110.2ms | ActiveRecord: 1.1ms)


Started GET "/assets/application.css?body=1" for 127.0.0.1 at 2014-10-21 11:33:40 -0300
Served asset /application.css - 304 Not Modified (45ms)


Started GET "/assets/jquery.js?body=1" for 127.0.0.1 at 2014-10-21 11:33:40 -0300
Served asset /jquery.js - 304 Not Modified (80ms)


Started GET "/assets/jquery_ujs.js?body=1" for 127.0.0.1 at 2014-10-21 11:33:40 -0300
Served asset /jquery_ujs.js - 304 Not Modified (11ms)


Started GET "/assets/application.js?body=1" for 127.0.0.1 at 2014-10-21 11:33:40 -0300
Served asset /application.js - 304 Not Modified (25ms)


Started GET "/movies?sort_by=title" for 127.0.0.1 at 2014-10-21 11:33:48 -0300
Processing by MoviesController#index as HTML
  Parameters: {"sort_by"=>"title"}
  [1m[35mMovie Load (5.9ms)[0m  SELECT "movies".* FROM "movies" ORDER BY title
  Rendered movies/index.html.haml within layouts/application (44.1ms)
Completed 200 OK in 94.7ms (Views: 87.7ms | ActiveRecord: 5.9ms)


Started GET "/assets/application.css?body=1" for 127.0.0.1 at 2014-10-21 11:33:49 -0300
Served asset /application.css - 304 Not Modified (1ms)


Started GET "/assets/jquery.js?body=1" for 127.0.0.1 at 2014-10-21 11:33:49 -0300
Served asset /jquery.js - 304 Not Modified (36ms)


Started GET "/assets/jquery_ujs.js?body=1" for 127.0.0.1 at 2014-10-21 11:33:49 -0300
Served asset /jquery_ujs.js - 304 Not Modified (22ms)


Started GET "/assets/application.js?body=1" for 127.0.0.1 at 2014-10-21 11:33:49 -0300
Served asset /application.js - 304 Not Modified (27ms)


Started GET "/movies?sort_by=release_date" for 127.0.0.1 at 2014-10-21 11:37:21 -0300
Processing by MoviesController#index as HTML
  Parameters: {"sort_by"=>"release_date"}
  [1m[36mMovie Load (11.3ms)[0m  [1mSELECT "movies".* FROM "movies" ORDER BY release_date[0m
  Rendered movies/index.html.haml within layouts/application (526.5ms)
Completed 500 Internal Server Error in 567.8ms

ActionView::Template::Error (undefined local variable or method `sort_by' for #<#<Class:0xb570b9e8>:0xb5eed88c>):
    6:     %tr
    7:       %th{:class => (:hilite if params[:sort_by] == 'title')}=link_to 'Movie Title', movies_path(:sort_by => :title), :id => :title_header
    8:       %th Rating
    9:       %th{:class => (:hilite if params[sort_by] == 'release_date')}=link_to 'Release Date', movies_path(:sort_by => :release_date), :id => :release_date_header
    10:       %th More Info
    11:   %tbody
    12:     - @movies.each do |movie|
  app/views/movies/index.html.haml:9:in `_app_views_movies_index_html_haml___337690056__621320638'


  Rendered /home/saasbook/.rvm/gems/ruby-1.9.3-p448/gems/actionpack-3.2.18/lib/action_dispatch/middleware/templates/rescues/_trace.erb (18.8ms)
  Rendered /home/saasbook/.rvm/gems/ruby-1.9.3-p448/gems/actionpack-3.2.18/lib/action_dispatch/middleware/templates/rescues/_request_and_response.erb (1.8ms)
  Rendered /home/saasbook/.rvm/gems/ruby-1.9.3-p448/gems/actionpack-3.2.18/lib/action_dispatch/middleware/templates/rescues/template_error.erb within rescues/layout (162.0ms)


Started GET "/movies" for 127.0.0.1 at 2014-10-21 11:37:33 -0300
Processing by MoviesController#index as HTML
  [1m[35mMovie Load (1.1ms)[0m  SELECT "movies".* FROM "movies" 
  Rendered movies/index.html.haml within layouts/application (99.2ms)
Completed 500 Internal Server Error in 137.3ms

ActionView::Template::Error (undefined local variable or method `sort_by' for #<#<Class:0xb570b9e8>:0xb553ce64>):
    6:     %tr
    7:       %th{:class => (:hilite if params[:sort_by] == 'title')}=link_to 'Movie Title', movies_path(:sort_by => :title), :id => :title_header
    8:       %th Rating
    9:       %th{:class => (:hilite if params[sort_by] == 'release_date')}=link_to 'Release Date', movies_path(:sort_by => :release_date), :id => :release_date_header
    10:       %th More Info
    11:   %tbody
    12:     - @movies.each do |movie|
  app/views/movies/index.html.haml:9:in `_app_views_movies_index_html_haml___337690056__621320638'


  Rendered /home/saasbook/.rvm/gems/ruby-1.9.3-p448/gems/actionpack-3.2.18/lib/action_dispatch/middleware/templates/rescues/_trace.erb (10.9ms)
  Rendered /home/saasbook/.rvm/gems/ruby-1.9.3-p448/gems/actionpack-3.2.18/lib/action_dispatch/middleware/templates/rescues/_request_and_response.erb (15.4ms)
  Rendered /home/saasbook/.rvm/gems/ruby-1.9.3-p448/gems/actionpack-3.2.18/lib/action_dispatch/middleware/templates/rescues/template_error.erb within rescues/layout (171.2ms)


Started GET "/movies" for 127.0.0.1 at 2014-10-21 11:39:22 -0300
Processing by MoviesController#index as HTML
  [1m[36mMovie Load (2.1ms)[0m  [1mSELECT "movies".* FROM "movies" [0m
  Rendered movies/index.html.haml within layouts/application (52.5ms)
Completed 200 OK in 140.6ms (Views: 116.7ms | ActiveRecord: 2.1ms)


Started GET "/assets/application.css?body=1" for 127.0.0.1 at 2014-10-21 11:39:23 -0300
Served asset /application.css - 304 Not Modified (7ms)


Started GET "/assets/jquery.js?body=1" for 127.0.0.1 at 2014-10-21 11:39:23 -0300
Served asset /jquery.js - 304 Not Modified (15ms)


Started GET "/assets/jquery_ujs.js?body=1" for 127.0.0.1 at 2014-10-21 11:39:23 -0300
Served asset /jquery_ujs.js - 304 Not Modified (1ms)


Started GET "/assets/application.js?body=1" for 127.0.0.1 at 2014-10-21 11:39:23 -0300
Served asset /application.js - 304 Not Modified (39ms)


Started GET "/movies?sort_by=release_date" for 127.0.0.1 at 2014-10-21 11:39:26 -0300
Processing by MoviesController#index as HTML
  Parameters: {"sort_by"=>"release_date"}
  [1m[35mMovie Load (10.3ms)[0m  SELECT "movies".* FROM "movies" ORDER BY release_date
  Rendered movies/index.html.haml within layouts/application (60.8ms)
Completed 200 OK in 126.4ms (Views: 115.1ms | ActiveRecord: 10.3ms)


Started GET "/assets/application.css?body=1" for 127.0.0.1 at 2014-10-21 11:39:27 -0300
Served asset /application.css - 304 Not Modified (7ms)


Started GET "/assets/jquery.js?body=1" for 127.0.0.1 at 2014-10-21 11:39:27 -0300
Served asset /jquery.js - 304 Not Modified (63ms)


Started GET "/assets/application.js?body=1" for 127.0.0.1 at 2014-10-21 11:39:27 -0300
Served asset /application.js - 304 Not Modified (46ms)


Started GET "/assets/jquery_ujs.js?body=1" for 127.0.0.1 at 2014-10-21 11:39:27 -0300
Served asset /jquery_ujs.js - 304 Not Modified (19ms)
